<?xml version="1.0" encoding="UTF-8"?>
<testsuite xmlns:xsi="http://www.w3.org/2001/XMLSchema-instance" xsi:noNamespaceSchemaLocation="https://maven.apache.org/surefire/maven-surefire-plugin/xsd/surefire-test-report.xsd" name="com.xianmao.AppTest" time="0.029" tests="1" errors="0" skipped="0" failures="0">
  <properties>
    <property name="gopherProxySet" value="false"/>
    <property name="awt.toolkit" value="sun.lwawt.macosx.LWCToolkit"/>
    <property name="file.encoding.pkg" value="sun.io"/>
    <property name="java.specification.version" value="1.8"/>
    <property name="sun.cpu.isalist" value=""/>
    <property name="sun.jnu.encoding" value="UTF-8"/>
    <property name="java.class.path" value="/Users/huxiaomei/Desktop/privite/framework/framework/framework-support/framework-support-oss/target/test-classes:/Users/huxiaomei/Desktop/privite/framework/framework/framework-support/framework-support-oss/target/classes:/Users/huxiaomei/.m2/repository/junit/junit/4.11/junit-4.11.jar:/Users/huxiaomei/.m2/repository/org/hamcrest/hamcrest-core/1.3/hamcrest-core-1.3.jar:/Users/huxiaomei/.m2/repository/com/aliyun/oss/aliyun-sdk-oss/3.5.0/aliyun-sdk-oss-3.5.0.jar:/Users/huxiaomei/.m2/repository/org/apache/httpcomponents/httpclient/4.5.9/httpclient-4.5.9.jar:/Users/huxiaomei/.m2/repository/org/apache/httpcomponents/httpcore/4.4.11/httpcore-4.4.11.jar:/Users/huxiaomei/.m2/repository/commons-logging/commons-logging/1.2/commons-logging-1.2.jar:/Users/huxiaomei/.m2/repository/commons-codec/commons-codec/1.11/commons-codec-1.11.jar:/Users/huxiaomei/.m2/repository/org/jdom/jdom/1.1/jdom-1.1.jar:/Users/huxiaomei/.m2/repository/org/codehaus/jettison/jettison/1.1/jettison-1.1.jar:/Users/huxiaomei/.m2/repository/stax/stax-api/1.0.1/stax-api-1.0.1.jar:/Users/huxiaomei/.m2/repository/com/aliyun/aliyun-java-sdk-core/3.4.0/aliyun-java-sdk-core-3.4.0.jar:/Users/huxiaomei/.m2/repository/com/aliyun/aliyun-java-sdk-ram/3.0.0/aliyun-java-sdk-ram-3.0.0.jar:/Users/huxiaomei/.m2/repository/com/aliyun/aliyun-java-sdk-sts/3.0.0/aliyun-java-sdk-sts-3.0.0.jar:/Users/huxiaomei/.m2/repository/com/aliyun/aliyun-java-sdk-ecs/4.2.0/aliyun-java-sdk-ecs-4.2.0.jar:/Users/huxiaomei/.m2/repository/org/springframework/boot/spring-boot-starter/2.3.5.RELEASE/spring-boot-starter-2.3.5.RELEASE.jar:/Users/huxiaomei/.m2/repository/org/springframework/boot/spring-boot/2.3.5.RELEASE/spring-boot-2.3.5.RELEASE.jar:/Users/huxiaomei/.m2/repository/org/springframework/spring-context/5.0.9.RELEASE/spring-context-5.0.9.RELEASE.jar:/Users/huxiaomei/.m2/repository/org/springframework/spring-aop/5.0.9.RELEASE/spring-aop-5.0.9.RELEASE.jar:/Users/huxiaomei/.m2/repository/org/springframework/spring-expression/5.0.9.RELEASE/spring-expression-5.0.9.RELEASE.jar:/Users/huxiaomei/.m2/repository/org/springframework/boot/spring-boot-autoconfigure/2.3.5.RELEASE/spring-boot-autoconfigure-2.3.5.RELEASE.jar:/Users/huxiaomei/.m2/repository/org/springframework/boot/spring-boot-starter-logging/2.3.5.RELEASE/spring-boot-starter-logging-2.3.5.RELEASE.jar:/Users/huxiaomei/.m2/repository/ch/qos/logback/logback-classic/1.2.3/logback-classic-1.2.3.jar:/Users/huxiaomei/.m2/repository/ch/qos/logback/logback-core/1.2.3/logback-core-1.2.3.jar:/Users/huxiaomei/.m2/repository/org/slf4j/slf4j-api/1.7.26/slf4j-api-1.7.26.jar:/Users/huxiaomei/.m2/repository/org/apache/logging/log4j/log4j-to-slf4j/2.13.3/log4j-to-slf4j-2.13.3.jar:/Users/huxiaomei/.m2/repository/org/apache/logging/log4j/log4j-api/2.13.3/log4j-api-2.13.3.jar:/Users/huxiaomei/.m2/repository/org/slf4j/jul-to-slf4j/1.7.30/jul-to-slf4j-1.7.30.jar:/Users/huxiaomei/.m2/repository/jakarta/annotation/jakarta.annotation-api/1.3.5/jakarta.annotation-api-1.3.5.jar:/Users/huxiaomei/.m2/repository/org/springframework/spring-core/5.0.9.RELEASE/spring-core-5.0.9.RELEASE.jar:/Users/huxiaomei/.m2/repository/org/springframework/spring-jcl/5.0.9.RELEASE/spring-jcl-5.0.9.RELEASE.jar:/Users/huxiaomei/.m2/repository/org/yaml/snakeyaml/1.26/snakeyaml-1.26.jar:/Users/huxiaomei/.m2/repository/org/springframework/boot/spring-boot-configuration-processor/2.1.6.RELEASE/spring-boot-configuration-processor-2.1.6.RELEASE.jar:/Users/huxiaomei/.m2/repository/org/springframework/spring-web/5.0.9.RELEASE/spring-web-5.0.9.RELEASE.jar:/Users/huxiaomei/.m2/repository/org/springframework/spring-beans/5.0.9.RELEASE/spring-beans-5.0.9.RELEASE.jar:"/>
    <property name="java.vm.vendor" value="Oracle Corporation"/>
    <property name="sun.arch.data.model" value="64"/>
    <property name="java.vendor.url" value="http://java.oracle.com/"/>
    <property name="user.timezone" value=""/>
    <property name="java.vm.specification.version" value="1.8"/>
    <property name="os.name" value="Mac OS X"/>
    <property name="user.country" value="CN"/>
    <property name="sun.java.launcher" value="SUN_STANDARD"/>
    <property name="sun.boot.library.path" value="/Library/Java/JavaVirtualMachines/jdk1.8.0_261.jdk/Contents/Home/jre/lib"/>
    <property name="sun.java.command" value="/Users/huxiaomei/Desktop/privite/framework/framework/framework-support/framework-support-oss/target/surefire/surefirebooter4297209003273930463.jar /Users/huxiaomei/Desktop/privite/framework/framework/framework-support/framework-support-oss/target/surefire 2020-12-10T16-37-54_296-jvmRun1 surefire7563310004626174535tmp surefire_01451171499355503076tmp"/>
    <property name="surefire.test.class.path" value="/Users/huxiaomei/Desktop/privite/framework/framework/framework-support/framework-support-oss/target/test-classes:/Users/huxiaomei/Desktop/privite/framework/framework/framework-support/framework-support-oss/target/classes:/Users/huxiaomei/.m2/repository/junit/junit/4.11/junit-4.11.jar:/Users/huxiaomei/.m2/repository/org/hamcrest/hamcrest-core/1.3/hamcrest-core-1.3.jar:/Users/huxiaomei/.m2/repository/com/aliyun/oss/aliyun-sdk-oss/3.5.0/aliyun-sdk-oss-3.5.0.jar:/Users/huxiaomei/.m2/repository/org/apache/httpcomponents/httpclient/4.5.9/httpclient-4.5.9.jar:/Users/huxiaomei/.m2/repository/org/apache/httpcomponents/httpcore/4.4.11/httpcore-4.4.11.jar:/Users/huxiaomei/.m2/repository/commons-logging/commons-logging/1.2/commons-logging-1.2.jar:/Users/huxiaomei/.m2/repository/commons-codec/commons-codec/1.11/commons-codec-1.11.jar:/Users/huxiaomei/.m2/repository/org/jdom/jdom/1.1/jdom-1.1.jar:/Users/huxiaomei/.m2/repository/org/codehaus/jettison/jettison/1.1/jettison-1.1.jar:/Users/huxiaomei/.m2/repository/stax/stax-api/1.0.1/stax-api-1.0.1.jar:/Users/huxiaomei/.m2/repository/com/aliyun/aliyun-java-sdk-core/3.4.0/aliyun-java-sdk-core-3.4.0.jar:/Users/huxiaomei/.m2/repository/com/aliyun/aliyun-java-sdk-ram/3.0.0/aliyun-java-sdk-ram-3.0.0.jar:/Users/huxiaomei/.m2/repository/com/aliyun/aliyun-java-sdk-sts/3.0.0/aliyun-java-sdk-sts-3.0.0.jar:/Users/huxiaomei/.m2/repository/com/aliyun/aliyun-java-sdk-ecs/4.2.0/aliyun-java-sdk-ecs-4.2.0.jar:/Users/huxiaomei/.m2/repository/org/springframework/boot/spring-boot-starter/2.3.5.RELEASE/spring-boot-starter-2.3.5.RELEASE.jar:/Users/huxiaomei/.m2/repository/org/springframework/boot/spring-boot/2.3.5.RELEASE/spring-boot-2.3.5.RELEASE.jar:/Users/huxiaomei/.m2/repository/org/springframework/spring-context/5.0.9.RELEASE/spring-context-5.0.9.RELEASE.jar:/Users/huxiaomei/.m2/repository/org/springframework/spring-aop/5.0.9.RELEASE/spring-aop-5.0.9.RELEASE.jar:/Users/huxiaomei/.m2/repository/org/springframework/spring-expression/5.0.9.RELEASE/spring-expression-5.0.9.RELEASE.jar:/Users/huxiaomei/.m2/repository/org/springframework/boot/spring-boot-autoconfigure/2.3.5.RELEASE/spring-boot-autoconfigure-2.3.5.RELEASE.jar:/Users/huxiaomei/.m2/repository/org/springframework/boot/spring-boot-starter-logging/2.3.5.RELEASE/spring-boot-starter-logging-2.3.5.RELEASE.jar:/Users/huxiaomei/.m2/repository/ch/qos/logback/logback-classic/1.2.3/logback-classic-1.2.3.jar:/Users/huxiaomei/.m2/repository/ch/qos/logback/logback-core/1.2.3/logback-core-1.2.3.jar:/Users/huxiaomei/.m2/repository/org/slf4j/slf4j-api/1.7.26/slf4j-api-1.7.26.jar:/Users/huxiaomei/.m2/repository/org/apache/logging/log4j/log4j-to-slf4j/2.13.3/log4j-to-slf4j-2.13.3.jar:/Users/huxiaomei/.m2/repository/org/apache/logging/log4j/log4j-api/2.13.3/log4j-api-2.13.3.jar:/Users/huxiaomei/.m2/repository/org/slf4j/jul-to-slf4j/1.7.30/jul-to-slf4j-1.7.30.jar:/Users/huxiaomei/.m2/repository/jakarta/annotation/jakarta.annotation-api/1.3.5/jakarta.annotation-api-1.3.5.jar:/Users/huxiaomei/.m2/repository/org/springframework/spring-core/5.0.9.RELEASE/spring-core-5.0.9.RELEASE.jar:/Users/huxiaomei/.m2/repository/org/springframework/spring-jcl/5.0.9.RELEASE/spring-jcl-5.0.9.RELEASE.jar:/Users/huxiaomei/.m2/repository/org/yaml/snakeyaml/1.26/snakeyaml-1.26.jar:/Users/huxiaomei/.m2/repository/org/springframework/boot/spring-boot-configuration-processor/2.1.6.RELEASE/spring-boot-configuration-processor-2.1.6.RELEASE.jar:/Users/huxiaomei/.m2/repository/org/springframework/spring-web/5.0.9.RELEASE/spring-web-5.0.9.RELEASE.jar:/Users/huxiaomei/.m2/repository/org/springframework/spring-beans/5.0.9.RELEASE/spring-beans-5.0.9.RELEASE.jar:"/>
    <property name="sun.cpu.endian" value="little"/>
    <property name="user.home" value="/Users/huxiaomei"/>
    <property name="user.language" value="zh"/>
    <property name="java.specification.vendor" value="Oracle Corporation"/>
    <property name="java.home" value="/Library/Java/JavaVirtualMachines/jdk1.8.0_261.jdk/Contents/Home/jre"/>
    <property name="basedir" value="/Users/huxiaomei/Desktop/privite/framework/framework/framework-support/framework-support-oss"/>
    <property name="file.separator" value="/"/>
    <property name="line.separator" value="&#10;"/>
    <property name="java.vm.specification.vendor" value="Oracle Corporation"/>
    <property name="java.specification.name" value="Java Platform API Specification"/>
    <property name="java.awt.graphicsenv" value="sun.awt.CGraphicsEnvironment"/>
    <property name="surefire.real.class.path" value="/Users/huxiaomei/Desktop/privite/framework/framework/framework-support/framework-support-oss/target/surefire/surefirebooter4297209003273930463.jar"/>
    <property name="sun.boot.class.path" value="/Library/Java/JavaVirtualMachines/jdk1.8.0_261.jdk/Contents/Home/jre/lib/resources.jar:/Library/Java/JavaVirtualMachines/jdk1.8.0_261.jdk/Contents/Home/jre/lib/rt.jar:/Library/Java/JavaVirtualMachines/jdk1.8.0_261.jdk/Contents/Home/jre/lib/sunrsasign.jar:/Library/Java/JavaVirtualMachines/jdk1.8.0_261.jdk/Contents/Home/jre/lib/jsse.jar:/Library/Java/JavaVirtualMachines/jdk1.8.0_261.jdk/Contents/Home/jre/lib/jce.jar:/Library/Java/JavaVirtualMachines/jdk1.8.0_261.jdk/Contents/Home/jre/lib/charsets.jar:/Library/Java/JavaVirtualMachines/jdk1.8.0_261.jdk/Contents/Home/jre/lib/jfr.jar:/Library/Java/JavaVirtualMachines/jdk1.8.0_261.jdk/Contents/Home/jre/classes"/>
    <property name="sun.management.compiler" value="HotSpot 64-Bit Tiered Compilers"/>
    <property name="java.runtime.version" value="1.8.0_261-b12"/>
    <property name="user.name" value="huxiaomei"/>
    <property name="path.separator" value=":"/>
    <property name="os.version" value="10.16"/>
    <property name="java.endorsed.dirs" value="/Library/Java/JavaVirtualMachines/jdk1.8.0_261.jdk/Contents/Home/jre/lib/endorsed"/>
    <property name="java.runtime.name" value="Java(TM) SE Runtime Environment"/>
    <property name="file.encoding" value="UTF-8"/>
    <property name="java.vm.name" value="Java HotSpot(TM) 64-Bit Server VM"/>
    <property name="localRepository" value="/Users/huxiaomei/.m2/repository"/>
    <property name="java.vendor.url.bug" value="http://bugreport.sun.com/bugreport/"/>
    <property name="java.io.tmpdir" value="/var/folders/n_/2h58tjys6sq4z94szbpm31kc0000gn/T/"/>
    <property name="idea.version" value="2020.3"/>
    <property name="java.version" value="1.8.0_261"/>
    <property name="user.dir" value="/Users/huxiaomei/Desktop/privite/framework/framework/framework-support/framework-support-oss"/>
    <property name="os.arch" value="x86_64"/>
    <property name="java.vm.specification.name" value="Java Virtual Machine Specification"/>
    <property name="java.awt.printerjob" value="sun.lwawt.macosx.CPrinterJob"/>
    <property name="sun.os.patch.level" value="unknown"/>
    <property name="java.library.path" value="/Users/huxiaomei/Library/Java/Extensions:/Library/Java/Extensions:/Network/Library/Java/Extensions:/System/Library/Java/Extensions:/usr/lib/java:."/>
    <property name="java.vm.info" value="mixed mode"/>
    <property name="java.vendor" value="Oracle Corporation"/>
    <property name="java.vm.version" value="25.261-b12"/>
    <property name="java.ext.dirs" value="/Users/huxiaomei/Library/Java/Extensions:/Library/Java/JavaVirtualMachines/jdk1.8.0_261.jdk/Contents/Home/jre/lib/ext:/Library/Java/Extensions:/Network/Library/Java/Extensions:/System/Library/Java/Extensions:/usr/lib/java"/>
    <property name="sun.io.unicode.encoding" value="UnicodeBig"/>
    <property name="java.class.version" value="52.0"/>
  </properties>
  <testcase name="shouldAnswerWithTrue" classname="com.xianmao.AppTest" time="0.001"/>
</testsuite>